webview/app/build/outputs/logs/manifest-merger-release-report.txt
-- Merging decision tree log ---
manifest
ADDED from src\main\AndroidManifest.xml:2:1-116:12
INJECTED from src\main\AndroidManifest.xml:2:1-116:12
INJECTED from src\main\AndroidManifest.xml:2:1-116:12
INJECTED from src\main\AndroidManifest.xml:2:1-116:12
MERGED from [com.github.bootpay:client_android_java:3.5.0] AndroidManifest.xml:2:1-114:12
MERGED from [com.google.android.material:material:1.6.0] AndroidManifest.xml:17:1-26:12
MERGED from [androidx.constraintlayout:constraintlayout:2.1.4] AndroidManifest.xml:2:1-11:12
MERGED from [androidx.biometric:biometric:1.0.1] AndroidManifest.xml:17:1-34:12
MERGED from [com.github.skydoves:powerspinner:1.1.5] AndroidManifest.xml:2:1-11:12
MERGED from [androidx.preference:preference-ktx:1.1.1] AndroidManifest.xml:17:1-24:12
MERGED from [androidx.preference:preference:1.1.1] AndroidManifest.xml:17:1-24:12
MERGED from [androidx.appcompat:appcompat:1.4.1] AndroidManifest.xml:17:1-24:12
MERGED from [androidx.viewpager2:viewpager2:1.0.0] AndroidManifest.xml:17:1-24:12
MERGED from [com.google.android.gms:play-services-ads-identifier:16.0.0] AndroidManifest.xml:17:1-24:12
MERGED from [com.google.android.gms:play-services-basement:16.0.1] AndroidManifest.xml:17:1-28:12
MERGED from [androidx.legacy:legacy-support-v4:1.0.0] AndroidManifest.xml:17:1-22:12
MERGED from [androidx.fragment:fragment-ktx:1.2.4] AndroidManifest.xml:17:1-24:12
MERGED from [androidx.fragment:fragment:1.3.6] AndroidManifest.xml:17:1-24:12
MERGED from [androidx.activity:activity-ktx:1.1.0] AndroidManifest.xml:17:1-24:12
MERGED from [androidx.activity:activity:1.2.4] AndroidManifest.xml:17:1-24:12
MERGED from [androidx.appcompat:appcompat-resources:1.4.1] AndroidManifest.xml:17:1-24:12
MERGED from [androidx.emoji2:emoji2-views-helper:1.0.0] AndroidManifest.xml:17:1-24:12
MERGED from [androidx.emoji2:emoji2:1.0.0] AndroidManifest.xml:17:1-37:12
MERGED from [androidx.legacy:legacy-support-core-ui:1.0.0] AndroidManifest.xml:17:1-22:12
MERGED from [androidx.drawerlayout:drawerlayout:1.1.1] AndroidManifest.xml:17:1-24:12
MERGED from [androidx.coordinatorlayout:coordinatorlayout:1.1.0] AndroidManifest.xml:17:1-24:12
MERGED from [androidx.dynamicanimation:dynamicanimation:1.0.0] AndroidManifest.xml:17:1-22:12
MERGED from [androidx.transition:transition:1.2.0] AndroidManifest.xml:17:1-24:12
MERGED from [androidx.vectordrawable:vectordrawable-animated:1.1.0] AndroidManifest.xml:17:1-24:12
MERGED from [androidx.vectordrawable:vectordrawable:1.1.0] AndroidManifest.xml:17:1-24:12
MERGED from [androidx.recyclerview:recyclerview:1.1.0] AndroidManifest.xml:17:1-24:12
MERGED from [androidx.viewpager:viewpager:1.0.0] AndroidManifest.xml:17:1-22:12
MERGED from [androidx.legacy:legacy-support-core-utils:1.0.0] AndroidManifest.xml:17:1-22:12
MERGED from [androidx.loader:loader:1.0.0] AndroidManifest.xml:17:1-22:12
MERGED from [androidx.slidingpanelayout:slidingpanelayout:1.0.0] AndroidManifest.xml:17:1-22:12
MERGED from [androidx.customview:customview:1.1.0] AndroidManifest.xml:17:1-24:12
MERGED from [androidx.core:core-ktx:1.1.0] AndroidManifest.xml:2:1-9:12
MERGED from [androidx.media:media:1.0.0] AndroidManifest.xml:17:1-22:12
MERGED from [androidx.swiperefreshlayout:swiperefreshlayout:1.0.0] AndroidManifest.xml:17:1-22:12
MERGED from [androidx.asynclayoutinflater:asynclayoutinflater:1.0.0] AndroidManifest.xml:17:1-22:12
MERGED from [androidx.core:core:1.7.0] AndroidManifest.xml:17:1-26:12
MERGED from [androidx.cursoradapter:cursoradapter:1.0.0] AndroidManifest.xml:17:1-22:12
MERGED from [androidx.lifecycle:lifecycle-viewmodel-savedstate:2.3.1] AndroidManifest.xml:17:1-24:12
MERGED from [androidx.savedstate:savedstate:1.1.0] AndroidManifest.xml:17:1-24:12
MERGED from [androidx.lifecycle:lifecycle-viewmodel-ktx:2.2.0] AndroidManifest.xml:17:1-24:12
MERGED from [androidx.lifecycle:lifecycle-viewmodel:2.3.1] AndroidManifest.xml:17:1-24:12
MERGED from [androidx.cardview:cardview:1.0.0] AndroidManifest.xml:17:1-22:12
MERGED from [androidx.versionedparcelable:versionedparcelable:1.1.1] AndroidManifest.xml:17:1-27:12
MERGED from [androidx.lifecycle:lifecycle-process:2.4.0] AndroidManifest.xml:17:1-37:12
MERGED from [androidx.startup:startup-runtime:1.0.0] AndroidManifest.xml:17:1-33:12
MERGED from [androidx.tracing:tracing:1.0.0] AndroidManifest.xml:17:1-24:12
MERGED from [androidx.lifecycle:lifecycle-livedata:2.0.0] AndroidManifest.xml:17:1-22:12
MERGED from [androidx.lifecycle:lifecycle-livedata-core-ktx:2.2.0] AndroidManifest.xml:17:1-24:12
MERGED from [androidx.lifecycle:lifecycle-livedata-core:2.3.1] AndroidManifest.xml:17:1-24:12
MERGED from [androidx.lifecycle:lifecycle-runtime-ktx:2.2.0] AndroidManifest.xml:17:1-24:12
MERGED from [androidx.lifecycle:lifecycle-runtime:2.4.0] AndroidManifest.xml:17:1-24:12
MERGED from [androidx.arch.core:core-runtime:2.1.0] AndroidManifest.xml:17:1-24:12
MERGED from [androidx.databinding:viewbinding:4.0.1] AndroidManifest.xml:17:1-22:12
MERGED from [androidx.interpolator:interpolator:1.0.0] AndroidManifest.xml:17:1-22:12
MERGED from [androidx.documentfile:documentfile:1.0.0] AndroidManifest.xml:17:1-22:12
MERGED from [androidx.localbroadcastmanager:localbroadcastmanager:1.0.0] AndroidManifest.xml:17:1-22:12
MERGED from [androidx.print:print:1.0.0] AndroidManifest.xml:17:1-22:12
MERGED from [androidx.annotation:annotation-experimental:1.1.0] AndroidManifest.xml:17:1-24:12
MERGED from [com.github.franmontiel:PersistentCookieJar:v1.0.1] AndroidManifest.xml:2:1-14:12
INJECTED from src\main\AndroidManifest.xml:2:1-116:12
INJECTED from src\main\AndroidManifest.xml:2:1-116:12
INJECTED from src\main\AndroidManifest.xml:2:1-116:12
	package
		ADDED from src\main\AndroidManifest.xml:3:5-34
		INJECTED from src\main\AndroidManifest.xml
		INJECTED from src\main\AndroidManifest.xml
	android:versionName
		INJECTED from src\main\AndroidManifest.xml
		ADDED from src\main\AndroidManifest.xml:2:1-116:12
		INJECTED from src\main\AndroidManifest.xml
	android:versionCode
		INJECTED from src\main\AndroidManifest.xml
		ADDED from src\main\AndroidManifest.xml:2:1-116:12
		INJECTED from src\main\AndroidManifest.xml
	xmlns:android
		ADDED from src\main\AndroidManifest.xml:2:11-69
uses-permission#android.permission.INTERNET
ADDED from src\main\AndroidManifest.xml:5:5-67
MERGED from [com.github.bootpay:client_android_java:3.5.0] AndroidManifest.xml:12:5-67
MERGED from [com.github.bootpay:client_android_java:3.5.0] AndroidManifest.xml:12:5-67
	android:name
		ADDED from src\main\AndroidManifest.xml:5:22-64
uses-permission#android.permission.ACCESS_GPS
ADDED from src\main\AndroidManifest.xml:8:5-69
	android:name
		ADDED from src\main\AndroidManifest.xml:8:22-66
uses-permission#android.permission.ACCESS_ASSISTED_GPS
ADDED from src\main\AndroidManifest.xml:9:5-78
	android:name
		ADDED from src\main\AndroidManifest.xml:9:22-75
uses-permission#android.permission.ACCESS_LOCATION
ADDED from src\main\AndroidManifest.xml:10:5-74
	android:name
		ADDED from src\main\AndroidManifest.xml:10:22-71
uses-permission#android.permission.ACCESS_FINE_LOCATION
ADDED from src\main\AndroidManifest.xml:11:5-79
	android:name
		ADDED from src\main\AndroidManifest.xml:11:22-76
uses-permission#android.permission.ACCESS_COARSE_LOCATION
ADDED from src\main\AndroidManifest.xml:12:5-81
	android:name
		ADDED from src\main\AndroidManifest.xml:12:22-78
uses-permission#android.permission.ACCESS_BACKGROUND_LOCATION
ADDED from src\main\AndroidManifest.xml:13:5-84
	android:name
		ADDED from src\main\AndroidManifest.xml:13:22-82
uses-permission#android.permission.ACCESS_NETWORK_STATE
ADDED from src\main\AndroidManifest.xml:14:5-78
	android:name
		ADDED from src\main\AndroidManifest.xml:14:22-76
uses-permission#android.permission.WRITE_EXTERNAL_STORAGE
ADDED from src\main\AndroidManifest.xml:15:5-80
	android:name
		ADDED from src\main\AndroidManifest.xml:15:22-78
uses-permission#android.permission.ACCESS_WIFI_STATE
ADDED from src\main\AndroidManifest.xml:16:5-75
	android:name
		ADDED from src\main\AndroidManifest.xml:16:22-73
application
ADDED from src\main\AndroidManifest.xml:21:5-39:19
MERGED from [com.github.bootpay:client_android_java:3.5.0] AndroidManifest.xml:99:5-112:19
MERGED from [com.github.bootpay:client_android_java:3.5.0] AndroidManifest.xml:99:5-112:19
MERGED from [com.google.android.material:material:1.6.0] AndroidManifest.xml:24:5-20
MERGED from [com.google.android.material:material:1.6.0] AndroidManifest.xml:24:5-20
MERGED from [androidx.constraintlayout:constraintlayout:2.1.4] AndroidManifest.xml:9:5-20
MERGED from [androidx.constraintlayout:constraintlayout:2.1.4] AndroidManifest.xml:9:5-20
MERGED from [androidx.biometric:biometric:1.0.1] AndroidManifest.xml:27:5-32:19
MERGED from [androidx.biometric:biometric:1.0.1] AndroidManifest.xml:27:5-32:19
MERGED from [com.google.android.gms:play-services-ads-identifier:16.0.0] AndroidManifest.xml:22:5-20
MERGED from [com.google.android.gms:play-services-ads-identifier:16.0.0] AndroidManifest.xml:22:5-20
MERGED from [com.google.android.gms:play-services-basement:16.0.1] AndroidManifest.xml:22:5-26:19
MERGED from [com.google.android.gms:play-services-basement:16.0.1] AndroidManifest.xml:22:5-26:19
MERGED from [androidx.emoji2:emoji2:1.0.0] AndroidManifest.xml:25:5-35:19
MERGED from [androidx.emoji2:emoji2:1.0.0] AndroidManifest.xml:25:5-35:19
MERGED from [androidx.core:core:1.7.0] AndroidManifest.xml:24:5-89
MERGED from [androidx.core:core:1.7.0] AndroidManifest.xml:24:5-89
MERGED from [androidx.versionedparcelable:versionedparcelable:1.1.1] AndroidManifest.xml:24:5-25:19
MERGED from [androidx.versionedparcelable:versionedparcelable:1.1.1] AndroidManifest.xml:24:5-25:19
MERGED from [androidx.lifecycle:lifecycle-process:2.4.0] AndroidManifest.xml:25:5-35:19
MERGED from [androidx.lifecycle:lifecycle-process:2.4.0] AndroidManifest.xml:25:5-35:19
MERGED from [androidx.startup:startup-runtime:1.0.0] AndroidManifest.xml:25:5-31:19
MERGED from [androidx.startup:startup-runtime:1.0.0] AndroidManifest.xml:25:5-31:19
MERGED from [com.github.franmontiel:PersistentCookieJar:v1.0.1] AndroidManifest.xml:12:5-20
MERGED from [com.github.franmontiel:PersistentCookieJar:v1.0.1] AndroidManifest.xml:12:5-20
	android:appComponentFactory
		ADDED from [androidx.core:core:1.7.0] AndroidManifest.xml:24:18-86
	android:supportsRtl
		ADDED from src\main\AndroidManifest.xml:27:9-35
	android:label
		ADDED from src\main\AndroidManifest.xml:25:9-31
	android:roundIcon
		ADDED from src\main\AndroidManifest.xml:26:9-54
	android:icon
		ADDED from src\main\AndroidManifest.xml:23:9-43
	android:allowBackup
		ADDED from src\main\AndroidManifest.xml:22:9-35
	android:theme
		ADDED from src\main\AndroidManifest.xml:28:9-59
activity#com.example.webview.MainActivity
ADDED from src\main\AndroidManifest.xml:29:9-30:20
	android:exported
		ADDED from src\main\AndroidManifest.xml:29:48-71
	android:name
		ADDED from src\main\AndroidManifest.xml:29:19-47
activity#com.example.webview.SplashActivity
ADDED from src\main\AndroidManifest.xml:31:9-36:20
	android:exported
		ADDED from src\main\AndroidManifest.xml:31:50-73
	android:name
		ADDED from src\main\AndroidManifest.xml:31:19-49
intent-filter#action:name:android.intent.action.MAIN+category:name:android.intent.category.LAUNCHER
ADDED from src\main\AndroidManifest.xml:32:13-35:29
action#android.intent.action.MAIN
ADDED from src\main\AndroidManifest.xml:33:17-69
	android:name
		ADDED from src\main\AndroidManifest.xml:33:25-66
category#android.intent.category.LAUNCHER
ADDED from src\main\AndroidManifest.xml:34:17-77
	android:name
		ADDED from src\main\AndroidManifest.xml:34:27-74
activity#com.example.webview.TutorialActivity
ADDED from src\main\AndroidManifest.xml:37:9-38:20
	android:exported
		ADDED from src\main\AndroidManifest.xml:37:52-75
	android:name
		ADDED from src\main\AndroidManifest.xml:37:19-51
queries
ADDED from src\main\AndroidManifest.xml:41:5-114:15
MERGED from [com.github.bootpay:client_android_java:3.5.0] AndroidManifest.xml:21:5-97:15
MERGED from [com.github.bootpay:client_android_java:3.5.0] AndroidManifest.xml:21:5-97:15
package#com.shcard.smartpay
ADDED from src\main\AndroidManifest.xml:53:9-55
MERGED from [com.github.bootpay:client_android_java:3.5.0] AndroidManifest.xml:35:9-55
MERGED from [com.github.bootpay:client_android_java:3.5.0] AndroidManifest.xml:35:9-55
	android:name
		ADDED from src\main\AndroidManifest.xml:53:18-52
package#kvp.jjy.MispAndroid320
ADDED from src\main\AndroidManifest.xml:56:9-58
MERGED from [com.github.bootpay:client_android_java:3.5.0] AndroidManifest.xml:38:9-58
MERGED from [com.github.bootpay:client_android_java:3.5.0] AndroidManifest.xml:38:9-58
	android:name
		ADDED from src\main\AndroidManifest.xml:56:18-55
package#com.kbcard.kbkookmincard
ADDED from src\main\AndroidManifest.xml:59:9-60
MERGED from [com.github.bootpay:client_android_java:3.5.0] AndroidManifest.xml:41:9-60
MERGED from [com.github.bootpay:client_android_java:3.5.0] AndroidManifest.xml:41:9-60
	android:name
		ADDED from src\main\AndroidManifest.xml:59:18-57
package#com.kbcard.cxh.appcard
ADDED from src\main\AndroidManifest.xml:60:9-58
MERGED from [com.github.bootpay:client_android_java:3.5.0] AndroidManifest.xml:42:9-58
MERGED from [com.github.bootpay:client_android_java:3.5.0] AndroidManifest.xml:42:9-58
	android:name
		ADDED from src\main\AndroidManifest.xml:60:18-55
package#com.hyundaicard.appcard
ADDED from src\main\AndroidManifest.xml:63:9-59
MERGED from [com.github.bootpay:client_android_java:3.5.0] AndroidManifest.xml:45:9-59
MERGED from [com.github.bootpay:client_android_java:3.5.0] AndroidManifest.xml:45:9-59
	android:name
		ADDED from src\main\AndroidManifest.xml:63:18-56
package#kr.co.samsungcard.mpocket
ADDED from src\main\AndroidManifest.xml:66:9-61
MERGED from [com.github.bootpay:client_android_java:3.5.0] AndroidManifest.xml:48:9-61
MERGED from [com.github.bootpay:client_android_java:3.5.0] AndroidManifest.xml:48:9-61
	android:name
		ADDED from src\main\AndroidManifest.xml:66:18-58
package#kr.co.hanamembers.hmscustomer
ADDED from src\main\AndroidManifest.xml:69:9-65
MERGED from [com.github.bootpay:client_android_java:3.5.0] AndroidManifest.xml:51:9-65
MERGED from [com.github.bootpay:client_android_java:3.5.0] AndroidManifest.xml:51:9-65
	android:name
		ADDED from src\main\AndroidManifest.xml:69:18-62
package#com.hanaskcard.paycla
ADDED from src\main\AndroidManifest.xml:70:9-57
MERGED from [com.github.bootpay:client_android_java:3.5.0] AndroidManifest.xml:52:9-57
MERGED from [com.github.bootpay:client_android_java:3.5.0] AndroidManifest.xml:52:9-57
	android:name
		ADDED from src\main\AndroidManifest.xml:70:18-54
package#com.lcacApp
ADDED from src\main\AndroidManifest.xml:73:9-47
MERGED from [com.github.bootpay:client_android_java:3.5.0] AndroidManifest.xml:55:9-47
MERGED from [com.github.bootpay:client_android_java:3.5.0] AndroidManifest.xml:55:9-47
	android:name
		ADDED from src\main\AndroidManifest.xml:73:18-44
package#com.lottemembers.android
ADDED from src\main\AndroidManifest.xml:74:9-60
MERGED from [com.github.bootpay:client_android_java:3.5.0] AndroidManifest.xml:56:9-60
MERGED from [com.github.bootpay:client_android_java:3.5.0] AndroidManifest.xml:56:9-60
	android:name
		ADDED from src\main\AndroidManifest.xml:74:18-57
package#nh.smart.nhallonepay
ADDED from src\main\AndroidManifest.xml:77:9-56
MERGED from [com.github.bootpay:client_android_java:3.5.0] AndroidManifest.xml:59:9-56
MERGED from [com.github.bootpay:client_android_java:3.5.0] AndroidManifest.xml:59:9-56
	android:name
		ADDED from src\main\AndroidManifest.xml:77:18-53
package#com.wooricard.wpay
ADDED from src\main\AndroidManifest.xml:80:9-54
MERGED from [com.github.bootpay:client_android_java:3.5.0] AndroidManifest.xml:62:9-54
MERGED from [com.github.bootpay:client_android_java:3.5.0] AndroidManifest.xml:62:9-54
	android:name
		ADDED from src\main\AndroidManifest.xml:80:18-51
package#com.wooricard.smartapp
ADDED from src\main\AndroidManifest.xml:81:9-58
MERGED from [com.github.bootpay:client_android_java:3.5.0] AndroidManifest.xml:63:9-58
MERGED from [com.github.bootpay:client_android_java:3.5.0] AndroidManifest.xml:63:9-58
	android:name
		ADDED from src\main\AndroidManifest.xml:81:18-55
package#kr.co.citibank.citimobile
ADDED from src\main\AndroidManifest.xml:84:9-61
MERGED from [com.github.bootpay:client_android_java:3.5.0] AndroidManifest.xml:66:9-61
MERGED from [com.github.bootpay:client_android_java:3.5.0] AndroidManifest.xml:66:9-61
	android:name
		ADDED from src\main\AndroidManifest.xml:84:18-58
package#com.nhnent.payapp
ADDED from src\main\AndroidManifest.xml:86:9-53
MERGED from [com.github.bootpay:client_android_java:3.5.0] AndroidManifest.xml:67:9-53
MERGED from [com.github.bootpay:client_android_java:3.5.0] AndroidManifest.xml:67:9-53
	android:name
		ADDED from src\main\AndroidManifest.xml:86:18-50
package#com.samsung.android.spay
ADDED from src\main\AndroidManifest.xml:87:9-60
MERGED from [com.github.bootpay:client_android_java:3.5.0] AndroidManifest.xml:68:9-60
MERGED from [com.github.bootpay:client_android_java:3.5.0] AndroidManifest.xml:68:9-60
	android:name
		ADDED from src\main\AndroidManifest.xml:87:18-57
package#com.kakao.talk
ADDED from src\main\AndroidManifest.xml:88:9-50
MERGED from [com.github.bootpay:client_android_java:3.5.0] AndroidManifest.xml:69:9-50
MERGED from [com.github.bootpay:client_android_java:3.5.0] AndroidManifest.xml:69:9-50
	android:name
		ADDED from src\main\AndroidManifest.xml:88:18-47
package#com.kftc.bankpay.android
ADDED from src\main\AndroidManifest.xml:89:9-60
MERGED from [com.github.bootpay:client_android_java:3.5.0] AndroidManifest.xml:70:9-60
MERGED from [com.github.bootpay:client_android_java:3.5.0] AndroidManifest.xml:70:9-60
	android:name
		ADDED from src\main\AndroidManifest.xml:89:18-57
package#com.ssg.serviceapp.android.egiftcertificate
ADDED from src\main\AndroidManifest.xml:90:9-79
MERGED from [com.github.bootpay:client_android_java:3.5.0] AndroidManifest.xml:71:9-79
MERGED from [com.github.bootpay:client_android_java:3.5.0] AndroidManifest.xml:71:9-79
	android:name
		ADDED from src\main\AndroidManifest.xml:90:18-76
package#com.mysmilepay.app
ADDED from src\main\AndroidManifest.xml:91:9-54
MERGED from [com.github.bootpay:client_android_java:3.5.0] AndroidManifest.xml:72:9-54
MERGED from [com.github.bootpay:client_android_java:3.5.0] AndroidManifest.xml:72:9-54
	android:name
		ADDED from src\main\AndroidManifest.xml:91:18-51
package#com.lotte.lpay
ADDED from src\main\AndroidManifest.xml:92:9-50
MERGED from [com.github.bootpay:client_android_java:3.5.0] AndroidManifest.xml:73:9-50
MERGED from [com.github.bootpay:client_android_java:3.5.0] AndroidManifest.xml:73:9-50
	android:name
		ADDED from src\main\AndroidManifest.xml:92:18-47
package#finance.chai.app
ADDED from src\main\AndroidManifest.xml:93:9-52
MERGED from [com.github.bootpay:client_android_java:3.5.0] AndroidManifest.xml:74:9-52
MERGED from [com.github.bootpay:client_android_java:3.5.0] AndroidManifest.xml:74:9-52
	android:name
		ADDED from src\main\AndroidManifest.xml:93:18-49
package#viva.republica.toss
ADDED from src\main\AndroidManifest.xml:94:9-55
MERGED from [com.github.bootpay:client_android_java:3.5.0] AndroidManifest.xml:75:9-55
MERGED from [com.github.bootpay:client_android_java:3.5.0] AndroidManifest.xml:75:9-55
	android:name
		ADDED from src\main\AndroidManifest.xml:94:18-52
package#com.TouchEn.mVaccine.webs
ADDED from src\main\AndroidManifest.xml:97:9-61
MERGED from [com.github.bootpay:client_android_java:3.5.0] AndroidManifest.xml:79:9-61
MERGED from [com.github.bootpay:client_android_java:3.5.0] AndroidManifest.xml:79:9-61
	android:name
		ADDED from src\main\AndroidManifest.xml:97:18-58
package#kr.co.shiftworks.vguardweb
ADDED from src\main\AndroidManifest.xml:98:9-62
MERGED from [com.github.bootpay:client_android_java:3.5.0] AndroidManifest.xml:80:9-62
MERGED from [com.github.bootpay:client_android_java:3.5.0] AndroidManifest.xml:80:9-62
	android:name
		ADDED from src\main\AndroidManifest.xml:98:18-59
package#com.ahnlab.v3mobileplus
ADDED from src\main\AndroidManifest.xml:99:9-59
MERGED from [com.github.bootpay:client_android_java:3.5.0] AndroidManifest.xml:81:9-59
MERGED from [com.github.bootpay:client_android_java:3.5.0] AndroidManifest.xml:81:9-59
	android:name
		ADDED from src\main\AndroidManifest.xml:99:18-56
package#com.kt.ktauth
ADDED from src\main\AndroidManifest.xml:102:9-49
MERGED from [com.github.bootpay:client_android_java:3.5.0] AndroidManifest.xml:85:9-49
MERGED from [com.github.bootpay:client_android_java:3.5.0] AndroidManifest.xml:85:9-49
	android:name
		ADDED from src\main\AndroidManifest.xml:102:18-46
package#kr.danal.app.damoum
ADDED from src\main\AndroidManifest.xml:103:9-55
MERGED from [com.github.bootpay:client_android_java:3.5.0] AndroidManifest.xml:86:9-55
MERGED from [com.github.bootpay:client_android_java:3.5.0] AndroidManifest.xml:86:9-55
	android:name
		ADDED from src\main\AndroidManifest.xml:103:18-52
package#uplus.membership
ADDED from src\main\AndroidManifest.xml:104:9-52
MERGED from [com.github.bootpay:client_android_java:3.5.0] AndroidManifest.xml:87:9-52
MERGED from [com.github.bootpay:client_android_java:3.5.0] AndroidManifest.xml:87:9-52
	android:name
		ADDED from src\main\AndroidManifest.xml:104:18-49
package#com.knb.psb
ADDED from src\main\AndroidManifest.xml:107:9-47
MERGED from [com.github.bootpay:client_android_java:3.5.0] AndroidManifest.xml:91:9-47
MERGED from [com.github.bootpay:client_android_java:3.5.0] AndroidManifest.xml:91:9-47
	android:name
		ADDED from src\main\AndroidManifest.xml:107:18-44
package#kr.co.kfcc.mobilebank
ADDED from src\main\AndroidManifest.xml:108:9-57
MERGED from [com.github.bootpay:client_android_java:3.5.0] AndroidManifest.xml:92:9-57
MERGED from [com.github.bootpay:client_android_java:3.5.0] AndroidManifest.xml:92:9-57
	android:name
		ADDED from src\main\AndroidManifest.xml:108:18-54
package#com.nh.cashcardapp
ADDED from src\main\AndroidManifest.xml:109:9-54
MERGED from [com.github.bootpay:client_android_java:3.5.0] AndroidManifest.xml:93:9-54
MERGED from [com.github.bootpay:client_android_java:3.5.0] AndroidManifest.xml:93:9-54
MERGED from [com.github.bootpay:client_android_java:3.5.0] AndroidManifest.xml:95:9-54
MERGED from [com.github.bootpay:client_android_java:3.5.0] AndroidManifest.xml:95:9-54
	android:name
		ADDED from src\main\AndroidManifest.xml:109:18-51
package#com.kbstar.liivbank
ADDED from src\main\AndroidManifest.xml:110:9-55
MERGED from [com.github.bootpay:client_android_java:3.5.0] AndroidManifest.xml:94:9-55
MERGED from [com.github.bootpay:client_android_java:3.5.0] AndroidManifest.xml:94:9-55
	android:name
		ADDED from src\main\AndroidManifest.xml:110:18-52
uses-sdk
INJECTED from src\main\AndroidManifest.xml reason: use-sdk injection requested
INJECTED from src\main\AndroidManifest.xml
INJECTED from src\main\AndroidManifest.xml
MERGED from [com.github.bootpay:client_android_java:3.5.0] AndroidManifest.xml:8:5-10:41
MERGED from [com.github.bootpay:client_android_java:3.5.0] AndroidManifest.xml:8:5-10:41
MERGED from [com.google.android.material:material:1.6.0] AndroidManifest.xml:20:5-22:41
MERGED from [com.google.android.material:material:1.6.0] AndroidManifest.xml:20:5-22:41
MERGED from [androidx.constraintlayout:constraintlayout:2.1.4] AndroidManifest.xml:5:5-7:41
MERGED from [androidx.constraintlayout:constraintlayout:2.1.4] AndroidManifest.xml:5:5-7:41
MERGED from [androidx.biometric:biometric:1.0.1] AndroidManifest.xml:20:5-22:41
MERGED from [androidx.biometric:biometric:1.0.1] AndroidManifest.xml:20:5-22:41
MERGED from [com.github.skydoves:powerspinner:1.1.5] AndroidManifest.xml:7:5-9:41
MERGED from [com.github.skydoves:powerspinner:1.1.5] AndroidManifest.xml:7:5-9:41
MERGED from [androidx.preference:preference-ktx:1.1.1] AndroidManifest.xml:20:5-22:41
MERGED from [androidx.preference:preference-ktx:1.1.1] AndroidManifest.xml:20:5-22:41
MERGED from [androidx.preference:preference:1.1.1] AndroidManifest.xml:20:5-22:41
MERGED from [androidx.preference:preference:1.1.1] AndroidManifest.xml:20:5-22:41
MERGED from [androidx.appcompat:appcompat:1.4.1] AndroidManifest.xml:20:5-22:41
MERGED from [androidx.appcompat:appcompat:1.4.1] AndroidManifest.xml:20:5-22:41
MERGED from [androidx.viewpager2:viewpager2:1.0.0] AndroidManifest.xml:20:5-22:41
MERGED from [androidx.viewpager2:viewpager2:1.0.0] AndroidManifest.xml:20:5-22:41
MERGED from [com.google.android.gms:play-services-ads-identifier:16.0.0] AndroidManifest.xml:20:5-44
MERGED from [com.google.android.gms:play-services-ads-identifier:16.0.0] AndroidManifest.xml:20:5-44
MERGED from [com.google.android.gms:play-services-basement:16.0.1] AndroidManifest.xml:20:5-44
MERGED from [com.google.android.gms:play-services-basement:16.0.1] AndroidManifest.xml:20:5-44
MERGED from [androidx.legacy:legacy-support-v4:1.0.0] AndroidManifest.xml:20:5-44
MERGED from [androidx.legacy:legacy-support-v4:1.0.0] AndroidManifest.xml:20:5-44
MERGED from [androidx.fragment:fragment-ktx:1.2.4] AndroidManifest.xml:20:5-22:41
MERGED from [androidx.fragment:fragment-ktx:1.2.4] AndroidManifest.xml:20:5-22:41
MERGED from [androidx.fragment:fragment:1.3.6] AndroidManifest.xml:20:5-22:41
MERGED from [androidx.fragment:fragment:1.3.6] AndroidManifest.xml:20:5-22:41
MERGED from [androidx.activity:activity-ktx:1.1.0] AndroidManifest.xml:20:5-22:41
MERGED from [androidx.activity:activity-ktx:1.1.0] AndroidManifest.xml:20:5-22:41
MERGED from [androidx.activity:activity:1.2.4] AndroidManifest.xml:20:5-22:41
MERGED from [androidx.activity:activity:1.2.4] AndroidManifest.xml:20:5-22:41
MERGED from [androidx.appcompat:appcompat-resources:1.4.1] AndroidManifest.xml:20:5-22:41
MERGED from [androidx.appcompat:appcompat-resources:1.4.1] AndroidManifest.xml:20:5-22:41
MERGED from [androidx.emoji2:emoji2-views-helper:1.0.0] AndroidManifest.xml:20:5-22:41
MERGED from [androidx.emoji2:emoji2-views-helper:1.0.0] AndroidManifest.xml:20:5-22:41
MERGED from [androidx.emoji2:emoji2:1.0.0] AndroidManifest.xml:21:5-23:41
MERGED from [androidx.emoji2:emoji2:1.0.0] AndroidManifest.xml:21:5-23:41
MERGED from [androidx.legacy:legacy-support-core-ui:1.0.0] AndroidManifest.xml:20:5-44
MERGED from [androidx.legacy:legacy-support-core-ui:1.0.0] AndroidManifest.xml:20:5-44
MERGED from [androidx.drawerlayout:drawerlayout:1.1.1] AndroidManifest.xml:20:5-22:41
MERGED from [androidx.drawerlayout:drawerlayout:1.1.1] AndroidManifest.xml:20:5-22:41
MERGED from [androidx.coordinatorlayout:coordinatorlayout:1.1.0] AndroidManifest.xml:20:5-22:41
MERGED from [androidx.coordinatorlayout:coordinatorlayout:1.1.0] AndroidManifest.xml:20:5-22:41
MERGED from [androidx.dynamicanimation:dynamicanimation:1.0.0] AndroidManifest.xml:20:5-44
MERGED from [androidx.dynamicanimation:dynamicanimation:1.0.0] AndroidManifest.xml:20:5-44
MERGED from [androidx.transition:transition:1.2.0] AndroidManifest.xml:20:5-22:41
MERGED from [androidx.transition:transition:1.2.0] AndroidManifest.xml:20:5-22:41
MERGED from [androidx.vectordrawable:vectordrawable-animated:1.1.0] AndroidManifest.xml:20:5-22:41
MERGED from [androidx.vectordrawable:vectordrawable-animated:1.1.0] AndroidManifest.xml:20:5-22:41
MERGED from [androidx.vectordrawable:vectordrawable:1.1.0] AndroidManifest.xml:20:5-22:41
MERGED from [androidx.vectordrawable:vectordrawable:1.1.0] AndroidManifest.xml:20:5-22:41
MERGED from [androidx.recyclerview:recyclerview:1.1.0] AndroidManifest.xml:20:5-22:41
MERGED from [androidx.recyclerview:recyclerview:1.1.0] AndroidManifest.xml:20:5-22:41
MERGED from [androidx.viewpager:viewpager:1.0.0] AndroidManifest.xml:20:5-44
MERGED from [androidx.viewpager:viewpager:1.0.0] AndroidManifest.xml:20:5-44
MERGED from [androidx.legacy:legacy-support-core-utils:1.0.0] AndroidManifest.xml:20:5-44
MERGED from [androidx.legacy:legacy-support-core-utils:1.0.0] AndroidManifest.xml:20:5-44
MERGED from [androidx.loader:loader:1.0.0] AndroidManifest.xml:20:5-44
MERGED from [androidx.loader:loader:1.0.0] AndroidManifest.xml:20:5-44
MERGED from [androidx.slidingpanelayout:slidingpanelayout:1.0.0] AndroidManifest.xml:20:5-44
MERGED from [androidx.slidingpanelayout:slidingpanelayout:1.0.0] AndroidManifest.xml:20:5-44
MERGED from [androidx.customview:customview:1.1.0] AndroidManifest.xml:20:5-22:41
MERGED from [androidx.customview:customview:1.1.0] AndroidManifest.xml:20:5-22:41
MERGED from [androidx.core:core-ktx:1.1.0] AndroidManifest.xml:5:5-7:41
MERGED from [androidx.core:core-ktx:1.1.0] AndroidManifest.xml:5:5-7:41
MERGED from [androidx.media:media:1.0.0] AndroidManifest.xml:20:5-44
MERGED from [androidx.media:media:1.0.0] AndroidManifest.xml:20:5-44
MERGED from [androidx.swiperefreshlayout:swiperefreshlayout:1.0.0] AndroidManifest.xml:20:5-44
MERGED from [androidx.swiperefreshlayout:swiperefreshlayout:1.0.0] AndroidManifest.xml:20:5-44
MERGED from [androidx.asynclayoutinflater:asynclayoutinflater:1.0.0] AndroidManifest.xml:20:5-44
MERGED from [androidx.asynclayoutinflater:asynclayoutinflater:1.0.0] AndroidManifest.xml:20:5-44
MERGED from [androidx.core:core:1.7.0] AndroidManifest.xml:20:5-22:41
MERGED from [androidx.core:core:1.7.0] AndroidManifest.xml:20:5-22:41
MERGED from [androidx.cursoradapter:cursoradapter:1.0.0] AndroidManifest.xml:20:5-44
MERGED from [androidx.cursoradapter:cursoradapter:1.0.0] AndroidManifest.xml:20:5-44
MERGED from [androidx.lifecycle:lifecycle-viewmodel-savedstate:2.3.1] AndroidManifest.xml:20:5-22:41
MERGED from [androidx.lifecycle:lifecycle-viewmodel-savedstate:2.3.1] AndroidManifest.xml:20:5-22:41
MERGED from [androidx.savedstate:savedstate:1.1.0] AndroidManifest.xml:20:5-22:41
MERGED from [androidx.savedstate:savedstate:1.1.0] AndroidManifest.xml:20:5-22:41
MERGED from [androidx.lifecycle:lifecycle-viewmodel-ktx:2.2.0] AndroidManifest.xml:20:5-22:41
MERGED from [androidx.lifecycle:lifecycle-viewmodel-ktx:2.2.0] AndroidManifest.xml:20:5-22:41
MERGED from [androidx.lifecycle:lifecycle-viewmodel:2.3.1] AndroidManifest.xml:20:5-22:41